<?xml version="1.0" encoding="UTF-8"?>
<!-- Generated by org.testng.reporters.JUnitReportReporter -->
<testsuite hostname="Acer-PC" name="com.AppTest" tests="2" failures="0" timestamp="24 Jul 2017 19:13:35 GMT" time="0.023" errors="0">
  <testcase name="bbb" time="0.003" classname="com.AppTest"/>
  <testcase name="aaa" time="0.020" classname="com.AppTest"/>
</testsuite> <!-- com.AppTest -->
