<?xml version="1.0" encoding="UTF-8"?>
<!-- Generated by org.testng.reporters.JUnitReportReporter -->
<testsuite hostname="Acer-PC" name="DummyMaven.DummyMaven.AppTest" tests="2" failures="0" timestamp="24 Jul 2017 19:12:09 GMT" time="0.173" errors="0">
  <testcase name="aaa" time="0.166" classname="DummyMaven.DummyMaven.AppTest"/>
  <testcase name="bbb" time="0.007" classname="DummyMaven.DummyMaven.AppTest"/>
</testsuite> <!-- DummyMaven.DummyMaven.AppTest -->
