<?xml version="1.0" encoding="UTF-8"?>
<!-- Generated by org.testng.reporters.JUnitReportReporter -->
<testsuite hostname="Acer-PC" name="com.AppTest" tests="2" failures="0" timestamp="24 Jul 2017 19:32:58 GMT" time="0.011" errors="0">
  <testcase name="validAuthenticationTest" time="0.001" classname="com.AppTest"/>
  <testcase name="newUserAuthenticationTest" time="0.010" classname="com.AppTest"/>
</testsuite> <!-- com.AppTest -->
